2023-07-06 19:51:25 | INFO | Test on server file
2023-07-08 04:14:42 | INFO | Test on server file
2023-07-08 04:44:26 | INFO | Test on server file
2023-07-08 04:46:35 | INFO | Test on server file
2023-07-08 04:46:40 | INFO | Test on server file
2023-07-08 04:46:42 | INFO | Test on server file
2023-07-08 04:49:39 | INFO | Test on server file
2023-07-08 04:51:31 | INFO | Test on server file
2023-07-08 04:51:41 | INFO | Test on server file
2023-07-08 04:54:37 | INFO | Test on server file
2023-07-08 04:54:43 | INFO | Test on server file
2023-07-08 04:56:53 | INFO | Test on server file
2023-07-08 04:57:08 | INFO | Test on server file
2023-07-08 04:57:17 | INFO | Test on server file
2023-07-08 04:57:19 | INFO | Test on server file
2023-07-08 04:57:35 | INFO | Test on server file
2023-07-08 04:57:37 | INFO | Test on server file
2023-07-08 05:09:21 | INFO | Test on server file
2023-07-08 05:09:21 | INFO | Test on server file
2023-07-08 05:09:28 | INFO | Test on server file
2023-07-08 05:09:39 | INFO | Test on server file
2023-07-08 05:10:33 | INFO | Test on server file
2023-07-08 05:11:21 | INFO | Test on server file
2023-07-08 05:11:24 | INFO | Test on server file
2023-07-08 05:11:34 | INFO | Test on server file
2023-07-08 05:12:02 | INFO | Test on server file
2023-07-08 05:12:06 | INFO | Test on server file
2023-07-08 05:12:07 | INFO | Test on server file
2023-07-08 05:13:14 | INFO | Test on server file
2023-07-08 05:14:38 | INFO | Test on server file
2023-07-08 05:14:47 | INFO | Test on server file
2023-07-08 05:14:53 | INFO | Test on server file
2023-07-08 05:15:12 | INFO | Test on server file
2023-07-08 05:15:54 | INFO | Test on server file
2023-07-08 05:16:44 | INFO | Test on server file
2023-07-08 07:12:18| da75ea8b-343f-417d-a377-1c598990862c | INFO | GET | /
2023-07-08 07:12:18| ec438cae-ed34-4336-817e-5f43e264aece | INFO | GET | /css/style.css
2023-07-08 07:12:25| 75bcbb5c-6957-43d2-a644-307d176e2387 | INFO | GET | /
2023-07-08 07:12:25| 58e591b3-201e-492a-87d5-59d6a5f7cb6c | INFO | GET | /css/style.css
2023-07-08 07:12:29| dc74776c-4b8f-4144-bbad-506454621fb2 | INFO | GET | /yhuytu
2023-07-08 07:12:29| e1c1d9de-de87-45ac-bc0e-ca0d2dbe6fd3 | INFO | GET | /css/styles.css
2023-07-10 11:57:16| 5f2e066b-8ca0-419e-b881-254f27372749 | INFO | GET | /
2023-07-10 11:57:18| 572a81cc-e627-4d27-8a66-530a3c02110e | INFO | GET | /
2023-07-10 11:58:28| 71c2a85b-0ced-4043-ac80-bd56bdad3b20 | INFO | GET | /
2023-07-10 11:58:29| 5e0bc4da-4b00-44a2-9554-9156d5edc6e5 | INFO | GET | /
2023-07-10 11:58:30| f3581e92-ca1b-4e91-9736-76d29c238239 | INFO | GET | /
2023-07-10 12:02:33| dce17864-2d83-4eb7-af85-e798e5278dc6 | INFO | GET | /
2023-07-10 12:02:33| 7e6ea3f5-deaa-41cf-8417-d127a9652976 | ERROR | corsConfig.indexOf is not a function
2023-07-10 12:02:33| 93b304ae-44c6-4e57-91b1-57deed729773 | INFO | GET | /favicon.ico
2023-07-10 12:02:33| ba036cb8-b623-4fc5-8406-7078a2607f7a | ERROR | corsConfig.indexOf is not a function
2023-07-10 12:03:28| 6adf9405-5987-4925-be6f-fdeb89ee8a16 | INFO | GET | /
2023-07-10 12:03:28| 121c51b1-c7c0-4468-be83-509fe0849afa | ERROR | cors.indexOf is not a function
2023-07-10 12:03:28| 38c024f6-d1c8-4dc3-848a-c6d9ff5e2bcc | INFO | GET | /favicon.ico
2023-07-10 12:03:28| 8df1d22d-f0bb-4128-915b-34a163f99b8e | ERROR | cors.indexOf is not a function
2023-07-10 12:03:29| 3408690b-ecf9-4251-874d-aeeb2c53c66c | INFO | GET | /
2023-07-10 12:03:29| 7c904478-3100-4539-8dd5-7f2b03a63d69 | ERROR | cors.indexOf is not a function
2023-07-10 12:03:29| ef17084b-6db3-47bd-849a-f20b1d642439 | INFO | GET | /favicon.ico
2023-07-10 12:03:29| 0814281b-9cdb-4b5a-aa16-045733d75f91 | ERROR | cors.indexOf is not a function
2023-07-10 12:06:45| c9ecbb49-199d-4b4c-b32d-fa6132133653 | INFO | GET | /
2023-07-10 12:06:45| 6adb3de4-9486-4036-81a7-4088166c0bcd | ERROR | corsConfig.indexOf is not a function
2023-07-10 12:06:45| 8fa8699c-f1ee-4a85-8879-883408232843 | INFO | GET | /favicon.ico
2023-07-10 12:06:45| 22523863-1c4d-43d8-9bf7-76ee37eec54b | ERROR | corsConfig.indexOf is not a function
2023-07-10 12:06:46| e69769ac-fd56-4ce7-8828-ad3959495285 | INFO | GET | /
2023-07-10 12:06:46| 76e6b145-a2dc-40d7-8842-f55d10d3c258 | ERROR | corsConfig.indexOf is not a function
2023-07-10 12:06:46| 48a7acbc-e54e-4f15-9c2d-f60aee4e141e | INFO | GET | /favicon.ico
2023-07-10 12:06:46| f277c1c9-fa37-404a-922b-3e1a32957063 | ERROR | corsConfig.indexOf is not a function
2023-07-10 12:06:46| 91c07580-bac8-499e-a6e9-414f715abfaa | INFO | GET | /
2023-07-10 12:06:46| 3b2c05a1-1c70-47be-8a92-82491e867fe4 | ERROR | corsConfig.indexOf is not a function
2023-07-10 12:06:46| d6c56b93-b45a-484e-a2db-1d747d493bc4 | INFO | GET | /favicon.ico
2023-07-10 12:06:46| 7ccd0f7f-8f19-49a8-9cde-32289cf25b49 | ERROR | corsConfig.indexOf is not a function
2023-07-10 12:10:30| 4e74fbaa-673e-4283-8061-f51ddc1009b0 | INFO | GET | /
2023-07-10 12:10:30| 9cc7455e-645f-483e-8e23-b53bd817a0d0 | ERROR | corsConfig.indexOf is not a function
2023-07-10 12:10:30| 554866bb-f11f-4227-a2d7-1d0d8a5c3226 | INFO | GET | /favicon.ico
2023-07-10 12:10:30| 0ce19dfb-b6a6-46f5-97ef-eb9af09465a2 | ERROR | corsConfig.indexOf is not a function
2023-07-10 12:10:32| 39e51ad9-de06-47bf-b88b-5e09ed444f70 | INFO | GET | /
2023-07-10 12:10:32| 393fb365-596c-47e3-ab15-0abdf88ee1f2 | ERROR | corsConfig.indexOf is not a function
2023-07-10 12:10:32| 9bb80718-d51c-4734-b4cc-09e1971a3709 | INFO | GET | /favicon.ico
2023-07-10 12:10:32| 03de9f2d-3d25-4c4e-a613-4a597e0cdba4 | ERROR | corsConfig.indexOf is not a function
2023-07-10 12:10:32| e2c9541c-9636-4c1a-892f-7658c7467ad0 | INFO | GET | /
2023-07-10 12:10:32| edbbaa4f-2995-4fcf-8fa2-21c057c3086d | ERROR | corsConfig.indexOf is not a function
2023-07-10 12:10:32| ea9b0ce5-b9c4-4c99-8dc7-d96cd5125a5b | INFO | GET | /favicon.ico
2023-07-10 12:10:32| 8593e1c3-d818-426d-bbc9-f97b2d7f11d0 | ERROR | corsConfig.indexOf is not a function
2023-07-10 12:14:32| 8e99974e-5133-4e11-9f63-933097cb4272 | INFO | GET | /
2023-07-10 12:14:32| 007245a0-e7d0-4854-997e-de39bce23442 | INFO | GET | /css/style.css
2023-07-10 12:14:32| 2f60047a-74eb-436f-8c54-c26bf130b58c | INFO | GET | /favicon.ico
2023-07-10 12:14:55| fc2064eb-74fb-4a1c-be19-7f7f77b68f34 | INFO | GET | /
2023-07-10 12:14:55| a8f0b42b-9fb1-4267-b500-10f1608b70e0 | ERROR | corsConfig.indexOf is not a function
2023-07-10 12:21:53| fd056438-4198-4308-9419-fa9398bd0870 | INFO | GET | /
2023-07-10 12:21:53| 6344e101-409d-478a-9424-a874267959bd | INFO | GET | /css/style.css
2023-07-10 12:22:46| 02ca571f-1670-43bb-b298-c39f46279bac | INFO | GET | /
2023-07-10 12:22:46| 667bf6ac-8641-4332-a8b8-3237686164f0 | INFO | GET | /css/style.css
2023-07-12 04:28:14| 19538556-e313-485f-b4b0-26a2d55fd641 | INFO | GET | /
2023-07-12 04:28:14| b7eb6f01-dc5d-44be-b5d2-003dbb2a6ec3 | INFO | GET | /css/style.css
2023-07-12 04:28:15| 65e47d8b-bb96-4bf7-9c8f-4fab1b669b46 | INFO | GET | /favicon.ico
2023-07-12 04:29:22| d394fd17-bc1d-46bc-9716-53d5244d7430 | INFO | GET | /notes
2023-07-12 04:29:27| eaf862ff-ce4a-4300-9244-42d475b2377c | INFO | GET | /
2023-07-12 04:29:27| c38127eb-08f5-4c17-b233-1b832a43f5e9 | INFO | GET | /css/style.css
2023-07-12 04:30:39| 7cc2a8db-046c-49e8-ba3a-72396046f39c | INFO | POST | /create
2023-07-12 04:35:39| 0e3d2d9c-7043-4a3e-ba76-dfc8632914b5 | INFO | POST | /create
2023-07-12 04:40:50| 2579134f-4b94-45c2-a913-86c13ecc1fdd | INFO | POST | /create
2023-07-12 04:41:26| b59d1fa1-548e-4956-bfe5-fb8cd9432bd4 | INFO | DELETE | /64ae0b6735f3e2ef45db0891
2023-07-12 04:42:09| b7fc39a5-29cf-4f93-8816-3493e3741874 | INFO | DELETE | /64ae0b6735f3e2ef45db0891
2023-07-12 04:42:29| 25a6eb3d-6116-4f01-aed9-c774a3d827da | INFO | DELETE | /64ae0b6735f3e2ef45db0891
2023-07-12 04:42:57| 9853c828-8731-4d0b-a0db-eea2ec14db71 | INFO | DELETE | /64ae0b6735f3e2ef45db0891
2023-07-12 04:43:49| 2a0ab55b-6508-461c-ac45-4f08fc9ff822 | INFO | DELETE | /64ae0b6735f3e2ef45db0891
2023-07-12 04:44:19| d9cb893a-1175-49a7-b40a-c1512fc38be2 | INFO | GET | /
2023-07-12 04:44:20| 1e9954a1-3abd-4800-86fc-3459fea6510c | INFO | GET | /
2023-07-12 04:44:35| b8dc2a02-30f1-4672-b97f-4f0855d0d059 | INFO | GET | /
2023-07-12 04:44:36| ed00be6d-14cd-4930-a1db-d637185925b2 | INFO | GET | /
2023-07-12 04:44:54| 14e63339-5bf1-48f9-9dc3-b57600d1f002 | INFO | GET | /
2023-07-12 04:44:54| 7e56b200-9445-45f8-915d-c4de8ece04c8 | INFO | GET | /css/styles.css
2023-07-12 04:44:55| a76a3159-6222-4223-9e55-5be35e850abc | INFO | GET | /
2023-07-12 04:44:55| cc499972-c93e-4dc3-b831-4e2e1f6e522c | INFO | GET | /css/styles.css
2023-07-12 04:44:59| acb08dcb-a020-4197-a9fc-d0143d016212 | INFO | GET | /
2023-07-12 04:44:59| 9757265c-3b60-4991-8d4c-13f9eddfb8de | INFO | GET | /css/styles.css
2023-07-12 04:45:08| 93b5d9d0-d770-439c-9b0c-5a586ec745aa | INFO | GET | /
2023-07-12 04:45:08| 5bdcf23c-3e12-429c-a6f4-fd12fcf56cd5 | INFO | GET | /css/styles.css
2023-07-12 04:45:09| 9e33a6a8-a329-4a09-93fb-95a29b2cb6cc | INFO | GET | /
2023-07-12 04:45:09| 31bfcee7-d630-4ed2-9a0b-9aec150069b8 | INFO | GET | /css/styles.css
2023-07-12 04:45:09| 10a603fc-f5a1-486d-a069-11a50b1d00a6 | INFO | GET | /
2023-07-12 04:45:09| bb79bd8c-6497-4f93-8f81-3943e9a79d85 | INFO | GET | /css/styles.css
2023-07-12 04:45:29| 238d9a16-47ab-4df9-90a9-d02b53bcbddc | INFO | GET | /
2023-07-12 04:45:43| fefd1888-fafb-4e90-8349-9cc27619efb1 | INFO | GET | /
2023-07-12 04:45:43| 0eae1b07-0162-45f4-b182-6186666788cf | INFO | GET | /css/styles.css
2023-07-12 04:45:44| 925522f7-1923-4e17-a338-9caceaddf6c6 | INFO | GET | /
2023-07-12 04:45:44| a71ad15a-18ff-4b46-8d07-3db5ce53d154 | INFO | GET | /css/styles.css
2023-07-12 04:46:07| c04d7e7d-4c90-45c1-ac9d-5a133f7fbc75 | INFO | GET | /
2023-07-12 04:46:43| 0235e54b-d1da-411a-977e-83c58d3982ec | INFO | GET | /
2023-07-12 04:46:43| 40842ab0-4c86-442d-8e31-00936e84fd60 | INFO | GET | /css/style.css
2023-07-12 04:46:50| 5fdf31c8-b399-40a7-8844-e4cab48b5cca | INFO | GET | /notes
2023-07-12 04:47:27| e3b79c86-29cd-45ae-adf1-edfec678e52c | INFO | POST | /create
2023-07-12 04:47:38| e73bd201-329e-4299-a21e-7dd3dcc10596 | INFO | GET | /
2023-07-12 04:47:38| 99181f99-7247-45db-b9de-2e97b68a6d81 | INFO | GET | /css/style.css
2023-07-12 04:48:21| 318b3e37-64d5-4f50-bcff-d0c2387b0ddd | INFO | POST | /create
2023-07-12 04:48:32| 1e2a8491-b5c9-432a-97bc-aef00bc89a6a | INFO | POST | /create
2023-07-12 04:48:32| e4406725-901a-46ec-b61e-53a8f1638806 | ERROR | Unexpected token } in JSON at position 60
2023-07-12 04:48:35| 70b07b73-d4ab-4340-b20f-c45f8a256cc0 | INFO | POST | /create
2023-07-12 04:52:41| a75ba743-fea4-4190-bf87-16137125dfe5 | INFO | POST | /create
2023-07-12 04:55:42| 5e6a1c85-efaf-4c98-8402-00801ab06892 | INFO | POST | /create
2023-07-12 04:55:53| fbd050c9-c47f-426c-8c25-656cacf912e6 | INFO | POST | /create
2023-07-12 04:55:59| f5abcc12-c7e4-4a58-ae9a-c14b6562a7cc | INFO | POST | /create
2023-07-12 04:56:09| f3146ba9-ae4b-418b-b220-675ae1e81708 | INFO | GET | /
2023-07-12 04:56:09| 179a001f-7bf5-419c-8b66-f7e6d3a58ccf | INFO | GET | /css/style.css
2023-07-12 04:56:10| 8c1a168b-10be-4e70-b797-0d03c8987026 | INFO | GET | /
2023-07-12 04:56:10| 55102b2b-203b-406a-82eb-4444174ffc11 | INFO | GET | /css/style.css
2023-07-12 04:57:02| a0b8dd25-6172-409c-bb13-459441dc098e | INFO | POST | /create
2023-07-12 04:58:00| 00ef2641-4a03-40fe-9abc-c076242f767a | INFO | POST | /create
2023-07-12 04:59:11| 316ccc39-f516-4af8-a43a-a3d0b5ddb5cc | INFO | POST | /create
2023-07-12 04:59:33| 34a4a0fd-91c1-43ff-9e9b-e1823e449893 | INFO | POST | /
2023-07-12 05:00:40| cbc238d8-0633-4b83-afba-4bec09b520ed | INFO | POST | /
2023-07-12 05:00:44| 6cded41f-ebaf-485a-b026-f97d3255283f | INFO | POST | /create
2023-07-12 05:01:21| 8b3302e1-777c-4a99-b884-b7139fe339d7 | INFO | GET | /
2023-07-12 05:01:21| 1eb59531-595c-449d-a09f-766e360119d3 | INFO | GET | /css/style.css
2023-07-12 05:02:33| 81e0ee76-f97e-4741-ab79-bd54d3869530 | INFO | POST | /create
2023-07-12 05:03:23| dce4c21e-abae-4024-8eab-a12026353624 | INFO | POST | /create
2023-07-12 05:07:04| a1c8c915-2347-4cd4-96b6-4c762c60a1ea | INFO | POST | /create
2023-07-12 05:08:40| 9c61c4f7-5eef-469d-aeda-53f3f0aed4a3 | INFO | POST | /create
2023-07-12 05:08:55| bfc871b1-dec0-4b96-a619-4e3b280a8109 | INFO | POST | /create
2023-07-12 05:08:56| 82fdf862-5b79-486c-98ca-7508cd308882 | INFO | POST | /create
2023-07-12 05:12:08| 2a61ca27-25c8-4631-8c4e-9b7eaf9371d1 | INFO | POST | /create
2023-07-12 05:12:21| c20d6633-14c4-41b4-b9e0-84e181eb2b88 | INFO | POST | /create
