2023-07-12 04:35:39| 0e3d2d9c-7043-4a3e-ba76-dfc8632914b5 | INFO | POST | /create
2023-07-12 04:40:50| 2579134f-4b94-45c2-a913-86c13ecc1fdd | INFO | POST | /create
2023-07-12 04:41:26| b59d1fa1-548e-4956-bfe5-fb8cd9432bd4 | INFO | DELETE | /64ae0b6735f3e2ef45db0891
2023-07-12 04:42:09| b7fc39a5-29cf-4f93-8816-3493e3741874 | INFO | DELETE | /64ae0b6735f3e2ef45db0891
2023-07-12 04:42:29| 25a6eb3d-6116-4f01-aed9-c774a3d827da | INFO | DELETE | /64ae0b6735f3e2ef45db0891
2023-07-12 04:42:57| 9853c828-8731-4d0b-a0db-eea2ec14db71 | INFO | DELETE | /64ae0b6735f3e2ef45db0891
2023-07-12 04:43:49| 2a0ab55b-6508-461c-ac45-4f08fc9ff822 | INFO | DELETE | /64ae0b6735f3e2ef45db0891
2023-07-12 04:44:19| d9cb893a-1175-49a7-b40a-c1512fc38be2 | INFO | GET | /
2023-07-12 04:44:20| 1e9954a1-3abd-4800-86fc-3459fea6510c | INFO | GET | /
2023-07-12 04:44:35| b8dc2a02-30f1-4672-b97f-4f0855d0d059 | INFO | GET | /
2023-07-12 04:44:36| ed00be6d-14cd-4930-a1db-d637185925b2 | INFO | GET | /
2023-07-12 04:44:54| 14e63339-5bf1-48f9-9dc3-b57600d1f002 | INFO | GET | /
2023-07-12 04:44:54| 7e56b200-9445-45f8-915d-c4de8ece04c8 | INFO | GET | /css/styles.css
2023-07-12 04:44:55| a76a3159-6222-4223-9e55-5be35e850abc | INFO | GET | /
2023-07-12 04:44:55| cc499972-c93e-4dc3-b831-4e2e1f6e522c | INFO | GET | /css/styles.css
2023-07-12 04:44:59| acb08dcb-a020-4197-a9fc-d0143d016212 | INFO | GET | /
2023-07-12 04:44:59| 9757265c-3b60-4991-8d4c-13f9eddfb8de | INFO | GET | /css/styles.css
2023-07-12 04:45:08| 93b5d9d0-d770-439c-9b0c-5a586ec745aa | INFO | GET | /
2023-07-12 04:45:08| 5bdcf23c-3e12-429c-a6f4-fd12fcf56cd5 | INFO | GET | /css/styles.css
2023-07-12 04:45:09| 9e33a6a8-a329-4a09-93fb-95a29b2cb6cc | INFO | GET | /
2023-07-12 04:45:09| 31bfcee7-d630-4ed2-9a0b-9aec150069b8 | INFO | GET | /css/styles.css
2023-07-12 04:45:09| 10a603fc-f5a1-486d-a069-11a50b1d00a6 | INFO | GET | /
2023-07-12 04:45:09| bb79bd8c-6497-4f93-8f81-3943e9a79d85 | INFO | GET | /css/styles.css
2023-07-12 04:45:29| 238d9a16-47ab-4df9-90a9-d02b53bcbddc | INFO | GET | /
2023-07-12 04:45:43| fefd1888-fafb-4e90-8349-9cc27619efb1 | INFO | GET | /
2023-07-12 04:45:43| 0eae1b07-0162-45f4-b182-6186666788cf | INFO | GET | /css/styles.css
2023-07-12 04:45:44| 925522f7-1923-4e17-a338-9caceaddf6c6 | INFO | GET | /
2023-07-12 04:45:44| a71ad15a-18ff-4b46-8d07-3db5ce53d154 | INFO | GET | /css/styles.css
2023-07-12 04:46:07| c04d7e7d-4c90-45c1-ac9d-5a133f7fbc75 | INFO | GET | /
2023-07-12 04:46:43| 0235e54b-d1da-411a-977e-83c58d3982ec | INFO | GET | /
2023-07-12 04:46:43| 40842ab0-4c86-442d-8e31-00936e84fd60 | INFO | GET | /css/style.css
2023-07-12 04:46:50| 5fdf31c8-b399-40a7-8844-e4cab48b5cca | INFO | GET | /notes
2023-07-12 04:47:27| e3b79c86-29cd-45ae-adf1-edfec678e52c | INFO | POST | /create
2023-07-12 04:47:38| e73bd201-329e-4299-a21e-7dd3dcc10596 | INFO | GET | /
2023-07-12 04:47:38| 99181f99-7247-45db-b9de-2e97b68a6d81 | INFO | GET | /css/style.css
2023-07-12 04:48:21| 318b3e37-64d5-4f50-bcff-d0c2387b0ddd | INFO | POST | /create
2023-07-12 04:48:32| 1e2a8491-b5c9-432a-97bc-aef00bc89a6a | INFO | POST | /create
2023-07-12 04:48:32| e4406725-901a-46ec-b61e-53a8f1638806 | ERROR | Unexpected token } in JSON at position 60
2023-07-12 04:48:35| 70b07b73-d4ab-4340-b20f-c45f8a256cc0 | INFO | POST | /create
2023-07-12 04:52:41| a75ba743-fea4-4190-bf87-16137125dfe5 | INFO | POST | /create
2023-07-12 04:55:42| 5e6a1c85-efaf-4c98-8402-00801ab06892 | INFO | POST | /create
2023-07-12 04:55:53| fbd050c9-c47f-426c-8c25-656cacf912e6 | INFO | POST | /create
2023-07-12 04:55:59| f5abcc12-c7e4-4a58-ae9a-c14b6562a7cc | INFO | POST | /create
2023-07-12 04:56:09| f3146ba9-ae4b-418b-b220-675ae1e81708 | INFO | GET | /
2023-07-12 04:56:09| 179a001f-7bf5-419c-8b66-f7e6d3a58ccf | INFO | GET | /css/style.css
2023-07-12 04:56:10| 8c1a168b-10be-4e70-b797-0d03c8987026 | INFO | GET | /
2023-07-12 04:56:10| 55102b2b-203b-406a-82eb-4444174ffc11 | INFO | GET | /css/style.css
2023-07-12 04:57:02| a0b8dd25-6172-409c-bb13-459441dc098e | INFO | POST | /create
2023-07-12 04:58:00| 00ef2641-4a03-40fe-9abc-c076242f767a | INFO | POST | /create
2023-07-12 04:59:11| 316ccc39-f516-4af8-a43a-a3d0b5ddb5cc | INFO | POST | /create
2023-07-12 04:59:33| 34a4a0fd-91c1-43ff-9e9b-e1823e449893 | INFO | POST | /
2023-07-12 05:00:40| cbc238d8-0633-4b83-afba-4bec09b520ed | INFO | POST | /
2023-07-12 05:00:44| 6cded41f-ebaf-485a-b026-f97d3255283f | INFO | POST | /create
2023-07-12 05:01:21| 8b3302e1-777c-4a99-b884-b7139fe339d7 | INFO | GET | /
2023-07-12 05:01:21| 1eb59531-595c-449d-a09f-766e360119d3 | INFO | GET | /css/style.css
2023-07-12 05:02:33| 81e0ee76-f97e-4741-ab79-bd54d3869530 | INFO | POST | /create
2023-07-12 05:03:23| dce4c21e-abae-4024-8eab-a12026353624 | INFO | POST | /create
2023-07-12 05:07:04| a1c8c915-2347-4cd4-96b6-4c762c60a1ea | INFO | POST | /create
2023-07-12 05:08:40| 9c61c4f7-5eef-469d-aeda-53f3f0aed4a3 | INFO | POST | /create
2023-07-12 05:08:55| bfc871b1-dec0-4b96-a619-4e3b280a8109 | INFO | POST | /create
2023-07-12 05:08:56| 82fdf862-5b79-486c-98ca-7508cd308882 | INFO | POST | /create
2023-07-12 05:12:08| 2a61ca27-25c8-4631-8c4e-9b7eaf9371d1 | INFO | POST | /create
2023-07-12 05:12:21| c20d6633-14c4-41b4-b9e0-84e181eb2b88 | INFO | POST | /create
